Copyright 1986-2022 Xilinx, Inc. All Rights Reserved. Copyright 2022-2023 Advanced Micro Devices, Inc. All Rights Reserved.
--------------------------------------------------------------------------------------------------------------------------------------------------------------------------------------------------------------------
| Tool Version : Vivado v.2023.2 (win64) Build 4029153 Fri Oct 13 20:14:34 MDT 2023
| Date         : Tue Jan  7 16:31:59 2025
| Host         : DESKTOP-5CM83PC running 64-bit major release  (build 9200)
| Command      : report_methodology -file zynq_uart_fifo_axi_wrapper_methodology_drc_routed.rpt -pb zynq_uart_fifo_axi_wrapper_methodology_drc_routed.pb -rpx zynq_uart_fifo_axi_wrapper_methodology_drc_routed.rpx
| Design       : zynq_uart_fifo_axi_wrapper
| Device       : xc7z020clg400-1
| Speed File   : -1
| Design State : Fully Routed
--------------------------------------------------------------------------------------------------------------------------------------------------------------------------------------------------------------------

Report Methodology

Table of Contents
-----------------
1. REPORT SUMMARY
2. REPORT DETAILS

1. REPORT SUMMARY
-----------------
            Netlist: netlist
          Floorplan: design_1
      Design limits: <entire design considered>
             Max violations: <unlimited>
             Violations found: 4
+-----------+----------+-------------------------------+------------+
| Rule      | Severity | Description                   | Violations |
+-----------+----------+-------------------------------+------------+
| LUTAR-1   | Warning  | LUT drives async reset alert  | 2          |
| TIMING-18 | Warning  | Missing input or output delay | 2          |
+-----------+----------+-------------------------------+------------+

2. REPORT DETAILS
-----------------
LUTAR-1#1 Warning
LUT drives async reset alert  
LUT cell zynq_uart_fifo_axi_i/uart_fifo_axi_hw_0/fifo_rx/U0/inst_fifo_gen/gconvfifo.rf/gbi.bi/g7ser_birst.rstbt/gf18e1_inst.sngfifo18e1_i_1, with 2 or more inputs, drives asynchronous preset/clear pin(s) zynq_uart_fifo_axi_i/uart_fifo_axi_hw_0/fifo_rx/U0/inst_fifo_gen/gconvfifo.rf/gbi.bi/v7_bi_fifo.fblk/gextw[1].gnll_fifo.inst_extd/gonep.inst_prim/gf18e1_inst.sngfifo18e1/RST. The LUT may glitch and trigger an unexpected reset, even if it is a properly timed path.
Related violations: <none>

LUTAR-1#2 Warning
LUT drives async reset alert  
LUT cell zynq_uart_fifo_axi_i/uart_fifo_axi_hw_0/fifo_tx/U0/inst_fifo_gen/gconvfifo.rf/gbi.bi/g7ser_birst.rstbt/gf18e1_inst.sngfifo18e1_i_1, with 2 or more inputs, drives asynchronous preset/clear pin(s) zynq_uart_fifo_axi_i/uart_fifo_axi_hw_0/fifo_tx/U0/inst_fifo_gen/gconvfifo.rf/gbi.bi/v7_bi_fifo.fblk/gextw[1].gnll_fifo.inst_extd/gonep.inst_prim/gf18e1_inst.sngfifo18e1/RST. The LUT may glitch and trigger an unexpected reset, even if it is a properly timed path.
Related violations: <none>

TIMING-18#1 Warning
Missing input or output delay  
An input delay is missing on i_RX_0 relative to the rising and/or falling clock edge(s) of clk_fpga_0.
Related violations: <none>

TIMING-18#2 Warning
Missing input or output delay  
An output delay is missing on o_TX_0 relative to the rising and/or falling clock edge(s) of clk_fpga_0.
Related violations: <none>


