Copyright 1986-2022 Xilinx, Inc. All Rights Reserved. Copyright 2022-2023 Advanced Micro Devices, Inc. All Rights Reserved.
---------------------------------------------------------------------------------------------------------------------------------------------
| Tool Version : Vivado v.2023.2 (win64) Build 4029153 Fri Oct 13 20:14:34 MDT 2023
| Date         : Tue Jan  7 16:31:19 2025
| Host         : DESKTOP-5CM83PC running 64-bit major release  (build 9200)
| Command      : report_control_sets -verbose -file zynq_uart_fifo_axi_wrapper_control_sets_placed.rpt
| Design       : zynq_uart_fifo_axi_wrapper
| Device       : xc7z020
---------------------------------------------------------------------------------------------------------------------------------------------

Control Set Information

Table of Contents
-----------------
1. Summary
2. Histogram
3. Flip-Flop Distribution
4. Detailed Control Set Information

1. Summary
----------

+----------------------------------------------------------+-------+
|                          Status                          | Count |
+----------------------------------------------------------+-------+
| Total control sets                                       |    41 |
|    Minimum number of control sets                        |    41 |
|    Addition due to synthesis replication                 |     0 |
|    Addition due to physical synthesis replication        |     0 |
| Unused register locations in slices containing registers |   122 |
+----------------------------------------------------------+-------+
* Control sets can be merged at opt_design using control_set_merge or merge_equivalent_drivers
** Run report_qor_suggestions for automated merging and remapping suggestions


2. Histogram
------------

+--------------------+-------+
|       Fanout       | Count |
+--------------------+-------+
| Total control sets |    41 |
| >= 0 to < 4        |     4 |
| >= 4 to < 6        |    12 |
| >= 6 to < 8        |     1 |
| >= 8 to < 10       |     5 |
| >= 10 to < 12      |     1 |
| >= 12 to < 14      |     3 |
| >= 14 to < 16      |     2 |
| >= 16              |    13 |
+--------------------+-------+
* Control sets can be remapped at either synth_design or opt_design


3. Flip-Flop Distribution
-------------------------

+--------------+-----------------------+------------------------+-----------------+--------------+
| Clock Enable | Synchronous Set/Reset | Asynchronous Set/Reset | Total Registers | Total Slices |
+--------------+-----------------------+------------------------+-----------------+--------------+
| No           | No                    | No                     |             123 |           36 |
| No           | No                    | Yes                    |              29 |           12 |
| No           | Yes                   | No                     |              34 |           14 |
| Yes          | No                    | No                     |             271 |           62 |
| Yes          | No                    | Yes                    |              24 |            7 |
| Yes          | Yes                   | No                     |             109 |           28 |
+--------------+-----------------------+------------------------+-----------------+--------------+


4. Detailed Control Set Information
-----------------------------------

+-----------------------------------------------------------+--------------------------------------------------------------------------------------------------------------------------------------------------------------------------+-----------------------------------------------------------------------------------------------------------------------------------------------------------------+------------------+----------------+--------------+
|                        Clock Signal                       |                                                                               Enable Signal                                                                              |                                                                         Set/Reset Signal                                                                        | Slice Load Count | Bel Load Count | Bels / Slice |
+-----------------------------------------------------------+--------------------------------------------------------------------------------------------------------------------------------------------------------------------------+-----------------------------------------------------------------------------------------------------------------------------------------------------------------+------------------+----------------+--------------+
|  zynq_uart_fifo_axi_i/processing_system7_0/inst/FCLK_CLK0 |                                                                                                                                                                          | zynq_uart_fifo_axi_i/uart_fifo_axi_hw_0/fifo_rx/U0/inst_fifo_gen/gconvfifo.rf/gbi.bi/g7ser_birst.rstbt/wr_rst_reg2                                              |                1 |              1 |         1.00 |
|  zynq_uart_fifo_axi_i/processing_system7_0/inst/FCLK_CLK0 |                                                                                                                                                                          | zynq_uart_fifo_axi_i/uart_fifo_axi_hw_0/fifo_tx/U0/inst_fifo_gen/gconvfifo.rf/gbi.bi/g7ser_birst.rstbt/wr_rst_reg2                                              |                1 |              1 |         1.00 |
|  zynq_uart_fifo_axi_i/processing_system7_0/inst/FCLK_CLK0 | zynq_uart_fifo_axi_i/ps7_0_axi_periph/s00_couplers/auto_pc/inst/gen_axilite.gen_b2s_conv.axilite_b2s/WR.aw_channel_0/aw_cmd_fsm_0/FSM_sequential_state_reg[0]_1          | zynq_uart_fifo_axi_i/ps7_0_axi_periph/s00_couplers/auto_pc/inst/gen_axilite.gen_b2s_conv.axilite_b2s/WR.aw_channel_0/aw_cmd_fsm_0/FSM_sequential_state_reg[0]_0 |                1 |              1 |         1.00 |
|  zynq_uart_fifo_axi_i/processing_system7_0/inst/FCLK_CLK0 | zynq_uart_fifo_axi_i/ps7_0_axi_periph/s00_couplers/auto_pc/inst/gen_axilite.gen_b2s_conv.axilite_b2s/WR.b_channel_0/bid_fifo_0/sel                                       |                                                                                                                                                                 |                1 |              2 |         2.00 |
|  zynq_uart_fifo_axi_i/processing_system7_0/inst/FCLK_CLK0 | zynq_uart_fifo_axi_i/uart_fifo_axi_hw_0/uart_rx/inst/s_next                                                                                                              | zynq_uart_fifo_axi_i/uart_fifo_axi_hw_0/not_rst/Res[0]                                                                                                          |                2 |              4 |         2.00 |
|  zynq_uart_fifo_axi_i/processing_system7_0/inst/FCLK_CLK0 |                                                                                                                                                                          | zynq_uart_fifo_axi_i/ps7_0_axi_periph/s00_couplers/auto_pc/inst/gen_axilite.gen_b2s_conv.axilite_b2s/SI_REG/aw.aw_pipe/aresetn_d_reg[0]_0                       |                2 |              4 |         2.00 |
|  zynq_uart_fifo_axi_i/processing_system7_0/inst/FCLK_CLK0 |                                                                                                                                                                          | zynq_uart_fifo_axi_i/ps7_0_axi_periph/s00_couplers/auto_pc/inst/gen_axilite.gen_b2s_conv.axilite_b2s/SI_REG/ar.ar_pipe/aresetn_d_reg[1]_inv_0                   |                2 |              4 |         2.00 |
|  zynq_uart_fifo_axi_i/processing_system7_0/inst/FCLK_CLK0 |                                                                                                                                                                          | zynq_uart_fifo_axi_i/rst_ps7_0_50M/U0/EXT_LPF/lpf_int                                                                                                           |                1 |              4 |         4.00 |
|  zynq_uart_fifo_axi_i/processing_system7_0/inst/FCLK_CLK0 | zynq_uart_fifo_axi_i/uart_fifo_axi_hw_0/uart_tx/inst/s_next                                                                                                              | zynq_uart_fifo_axi_i/uart_fifo_axi_hw_0/not_rst/Res[0]                                                                                                          |                2 |              4 |         2.00 |
|  zynq_uart_fifo_axi_i/processing_system7_0/inst/FCLK_CLK0 | zynq_uart_fifo_axi_i/ps7_0_axi_periph/s00_couplers/auto_pc/inst/gen_axilite.gen_b2s_conv.axilite_b2s/RD.ar_channel_0/ar_cmd_fsm_0/sel_first_reg[0]                       |                                                                                                                                                                 |                1 |              4 |         4.00 |
|  zynq_uart_fifo_axi_i/processing_system7_0/inst/FCLK_CLK0 | zynq_uart_fifo_axi_i/ps7_0_axi_periph/s00_couplers/auto_pc/inst/gen_axilite.gen_b2s_conv.axilite_b2s/RD.ar_channel_0/ar_cmd_fsm_0/E[0]                                   |                                                                                                                                                                 |                2 |              4 |         2.00 |
|  zynq_uart_fifo_axi_i/processing_system7_0/inst/FCLK_CLK0 | zynq_uart_fifo_axi_i/ps7_0_axi_periph/s00_couplers/auto_pc/inst/gen_axilite.gen_b2s_conv.axilite_b2s/RD.ar_channel_0/ar_cmd_fsm_0/m_axi_arready_2                        | zynq_uart_fifo_axi_i/ps7_0_axi_periph/s00_couplers/auto_pc/inst/gen_axilite.gen_b2s_conv.axilite_b2s/RD.ar_channel_0/ar_cmd_fsm_0/FSM_sequential_state_reg[1]_0 |                2 |              4 |         2.00 |
|  zynq_uart_fifo_axi_i/processing_system7_0/inst/FCLK_CLK0 | zynq_uart_fifo_axi_i/ps7_0_axi_periph/s00_couplers/auto_pc/inst/gen_axilite.gen_b2s_conv.axilite_b2s/WR.aw_channel_0/aw_cmd_fsm_0/m_valid_i_reg[0]                       |                                                                                                                                                                 |                2 |              4 |         2.00 |
|  zynq_uart_fifo_axi_i/processing_system7_0/inst/FCLK_CLK0 | zynq_uart_fifo_axi_i/ps7_0_axi_periph/s00_couplers/auto_pc/inst/gen_axilite.gen_b2s_conv.axilite_b2s/WR.aw_channel_0/cmd_translator_0/incr_cmd_0/axaddr_incr[11]_i_1_n_0 |                                                                                                                                                                 |                1 |              4 |         4.00 |
|  zynq_uart_fifo_axi_i/processing_system7_0/inst/FCLK_CLK0 | zynq_uart_fifo_axi_i/ps7_0_axi_periph/s00_couplers/auto_pc/inst/gen_axilite.gen_b2s_conv.axilite_b2s/RD.r_channel_0/transaction_fifo_0/cnt_read[4]_i_1_n_0               | zynq_uart_fifo_axi_i/ps7_0_axi_periph/s00_couplers/auto_pc/inst/gen_axilite.gen_b2s_conv.axilite_b2s/areset_d1                                                  |                1 |              5 |         5.00 |
|  zynq_uart_fifo_axi_i/processing_system7_0/inst/FCLK_CLK0 | zynq_uart_fifo_axi_i/ps7_0_axi_periph/s00_couplers/auto_pc/inst/gen_axilite.gen_b2s_conv.axilite_b2s/RD.r_channel_0/rd_data_fifo_0/cnt_read[4]_i_1__0_n_0                | zynq_uart_fifo_axi_i/ps7_0_axi_periph/s00_couplers/auto_pc/inst/gen_axilite.gen_b2s_conv.axilite_b2s/areset_d1                                                  |                2 |              5 |         2.50 |
|  zynq_uart_fifo_axi_i/processing_system7_0/inst/FCLK_CLK0 | zynq_uart_fifo_axi_i/rst_ps7_0_50M/U0/SEQ/seq_cnt_en                                                                                                                     | zynq_uart_fifo_axi_i/rst_ps7_0_50M/U0/SEQ/SEQ_COUNTER/clear                                                                                                     |                1 |              6 |         6.00 |
|  zynq_uart_fifo_axi_i/processing_system7_0/inst/FCLK_CLK0 | zynq_uart_fifo_axi_i/uart_fifo_axi_hw_0/uart_tx/inst/b_next_0                                                                                                            | zynq_uart_fifo_axi_i/uart_fifo_axi_hw_0/not_rst/Res[0]                                                                                                          |                1 |              8 |         8.00 |
|  zynq_uart_fifo_axi_i/processing_system7_0/inst/FCLK_CLK0 | zynq_uart_fifo_axi_i/ps7_0_axi_periph/s00_couplers/auto_pc/inst/gen_axilite.gen_b2s_conv.axilite_b2s/WR.b_channel_0/mhandshake_r                                         | zynq_uart_fifo_axi_i/ps7_0_axi_periph/s00_couplers/auto_pc/inst/gen_axilite.gen_b2s_conv.axilite_b2s/WR.b_channel_0/bid_fifo_0/SR[0]                            |                3 |              8 |         2.67 |
|  zynq_uart_fifo_axi_i/processing_system7_0/inst/FCLK_CLK0 | zynq_uart_fifo_axi_i/uart_fifo_axi_hw_0/uart_rx/inst/b_next                                                                                                              | zynq_uart_fifo_axi_i/uart_fifo_axi_hw_0/not_rst/Res[0]                                                                                                          |                2 |              8 |         4.00 |
|  zynq_uart_fifo_axi_i/processing_system7_0/inst/FCLK_CLK0 | zynq_uart_fifo_axi_i/uart_fifo_axi_hw_0/axi_lite_slave/inst/o_TX_WREN0                                                                                                   | zynq_uart_fifo_axi_i/uart_fifo_axi_hw_0/axi_lite_slave/inst/p_0_in                                                                                              |                1 |              8 |         8.00 |
|  zynq_uart_fifo_axi_i/processing_system7_0/inst/FCLK_CLK0 | zynq_uart_fifo_axi_i/uart_fifo_axi_hw_0/axi_lite_slave/inst/slv_reg1_1                                                                                                   | zynq_uart_fifo_axi_i/uart_fifo_axi_hw_0/axi_lite_slave/inst/p_0_in                                                                                              |                2 |              8 |         4.00 |
|  zynq_uart_fifo_axi_i/processing_system7_0/inst/FCLK_CLK0 |                                                                                                                                                                          | zynq_uart_fifo_axi_i/ps7_0_axi_periph/s00_couplers/auto_pc/inst/gen_axilite.gen_b2s_conv.axilite_b2s/areset_d1                                                  |                4 |             10 |         2.50 |
|  zynq_uart_fifo_axi_i/processing_system7_0/inst/FCLK_CLK0 |                                                                                                                                                                          | zynq_uart_fifo_axi_i/uart_fifo_axi_hw_0/axi_lite_slave/inst/p_0_in                                                                                              |                5 |             12 |         2.40 |
|  zynq_uart_fifo_axi_i/processing_system7_0/inst/FCLK_CLK0 | zynq_uart_fifo_axi_i/ps7_0_axi_periph/s00_couplers/auto_pc/inst/gen_axilite.gen_b2s_conv.axilite_b2s/RD.r_channel_0/r_push_r                                             |                                                                                                                                                                 |                4 |             13 |         3.25 |
|  zynq_uart_fifo_axi_i/processing_system7_0/inst/FCLK_CLK0 | zynq_uart_fifo_axi_i/ps7_0_axi_periph/s00_couplers/auto_pc/inst/gen_axilite.gen_b2s_conv.axilite_b2s/RD.ar_channel_0/ar_cmd_fsm_0/m_axi_arready_2                        |                                                                                                                                                                 |                4 |             13 |         3.25 |
|  zynq_uart_fifo_axi_i/processing_system7_0/inst/FCLK_CLK0 | zynq_uart_fifo_axi_i/ps7_0_axi_periph/s00_couplers/auto_pc/inst/gen_axilite.gen_b2s_conv.axilite_b2s/SI_REG/b.b_pipe/s_ready_i_reg_0                                     |                                                                                                                                                                 |                3 |             14 |         4.67 |
|  zynq_uart_fifo_axi_i/processing_system7_0/inst/FCLK_CLK0 | zynq_uart_fifo_axi_i/ps7_0_axi_periph/s00_couplers/auto_pc/inst/gen_axilite.gen_b2s_conv.axilite_b2s/SI_REG/b.b_pipe/p_1_in                                              |                                                                                                                                                                 |                2 |             14 |         7.00 |
|  zynq_uart_fifo_axi_i/processing_system7_0/inst/FCLK_CLK0 | zynq_uart_fifo_axi_i/ps7_0_axi_periph/s00_couplers/auto_pc/inst/gen_axilite.gen_b2s_conv.axilite_b2s/WR.aw_channel_0/aw_cmd_fsm_0/FSM_sequential_state_reg[0]_1          |                                                                                                                                                                 |                7 |             16 |         2.29 |
|  zynq_uart_fifo_axi_i/processing_system7_0/inst/FCLK_CLK0 | zynq_uart_fifo_axi_i/ps7_0_axi_periph/s00_couplers/auto_pc/inst/gen_axilite.gen_b2s_conv.axilite_b2s/WR.aw_channel_0/aw_cmd_fsm_0/m_axi_awready_0                        |                                                                                                                                                                 |                3 |             16 |         5.33 |
|  zynq_uart_fifo_axi_i/processing_system7_0/inst/FCLK_CLK0 | zynq_uart_fifo_axi_i/ps7_0_axi_periph/s00_couplers/auto_pc/inst/gen_axilite.gen_b2s_conv.axilite_b2s/WR.aw_channel_0/aw_cmd_fsm_0/E[0]                                   |                                                                                                                                                                 |                5 |             27 |         5.40 |
|  zynq_uart_fifo_axi_i/processing_system7_0/inst/FCLK_CLK0 | zynq_uart_fifo_axi_i/ps7_0_axi_periph/s00_couplers/auto_pc/inst/gen_axilite.gen_b2s_conv.axilite_b2s/RD.ar_channel_0/ar_cmd_fsm_0/m_valid_i_reg[0]                       |                                                                                                                                                                 |                5 |             27 |         5.40 |
|  zynq_uart_fifo_axi_i/processing_system7_0/inst/FCLK_CLK0 |                                                                                                                                                                          | zynq_uart_fifo_axi_i/uart_fifo_axi_hw_0/not_rst/Res[0]                                                                                                          |               10 |             27 |         2.70 |
|  zynq_uart_fifo_axi_i/processing_system7_0/inst/FCLK_CLK0 | zynq_uart_fifo_axi_i/ps7_0_axi_periph/s00_couplers/auto_pc/inst/gen_axilite.gen_b2s_conv.axilite_b2s/SI_REG/aw.aw_pipe/s_ready_i_reg_0                                   |                                                                                                                                                                 |                5 |             27 |         5.40 |
|  zynq_uart_fifo_axi_i/processing_system7_0/inst/FCLK_CLK0 | zynq_uart_fifo_axi_i/ps7_0_axi_periph/s00_couplers/auto_pc/inst/gen_axilite.gen_b2s_conv.axilite_b2s/SI_REG/ar.ar_pipe/s_ready_i_reg_0                                   |                                                                                                                                                                 |                5 |             27 |         5.40 |
|  zynq_uart_fifo_axi_i/processing_system7_0/inst/FCLK_CLK0 | zynq_uart_fifo_axi_i/uart_fifo_axi_hw_0/axi_lite_slave/inst/slv_reg0                                                                                                     | zynq_uart_fifo_axi_i/uart_fifo_axi_hw_0/axi_lite_slave/inst/p_0_in                                                                                              |                7 |             32 |         4.57 |
|  zynq_uart_fifo_axi_i/processing_system7_0/inst/FCLK_CLK0 | zynq_uart_fifo_axi_i/uart_fifo_axi_hw_0/axi_lite_slave/inst/slv_reg_rden__0                                                                                              | zynq_uart_fifo_axi_i/uart_fifo_axi_hw_0/axi_lite_slave/inst/p_0_in                                                                                              |                8 |             32 |         4.00 |
|  zynq_uart_fifo_axi_i/processing_system7_0/inst/FCLK_CLK0 | zynq_uart_fifo_axi_i/ps7_0_axi_periph/s00_couplers/auto_pc/inst/gen_axilite.gen_b2s_conv.axilite_b2s/RD.r_channel_0/rd_data_fifo_0/wr_en0                                |                                                                                                                                                                 |                8 |             32 |         4.00 |
|  zynq_uart_fifo_axi_i/processing_system7_0/inst/FCLK_CLK0 | zynq_uart_fifo_axi_i/ps7_0_axi_periph/s00_couplers/auto_pc/inst/gen_axilite.gen_b2s_conv.axilite_b2s/SI_REG/r.r_pipe/s_ready_i_reg_0                                     |                                                                                                                                                                 |               12 |             45 |         3.75 |
|  zynq_uart_fifo_axi_i/processing_system7_0/inst/FCLK_CLK0 | zynq_uart_fifo_axi_i/ps7_0_axi_periph/s00_couplers/auto_pc/inst/gen_axilite.gen_b2s_conv.axilite_b2s/SI_REG/r.r_pipe/p_1_in                                              |                                                                                                                                                                 |                8 |             45 |         5.62 |
|  zynq_uart_fifo_axi_i/processing_system7_0/inst/FCLK_CLK0 |                                                                                                                                                                          |                                                                                                                                                                 |               37 |            126 |         3.41 |
+-----------------------------------------------------------+--------------------------------------------------------------------------------------------------------------------------------------------------------------------------+-----------------------------------------------------------------------------------------------------------------------------------------------------------------+------------------+----------------+--------------+


